<?xml version="1.0" encoding="utf-8"?><testsuites name="pytest tests"><testsuite name="pytest" errors="0" failures="0" skipped="2" tests="25" time="23.258" timestamp="2026-05-07T21:52:21.167057+00:00" hostname="agent-env-407d74e1-d167-4f86-b388-ea4c6856f0a9"><testcase classname="backend.tests.backend_test" name="test_root_ok" time="0.155" /><testcase classname="backend.tests.backend_test.TestFundingEstimate" name="test_basic_estimate_rounded_to_250" time="0.072" /><testcase classname="backend.tests.backend_test.TestFundingEstimate" name="test_zero_revenue_returns_zero" time="0.067" /><testcase classname="backend.tests.backend_test.TestFundingEstimate" name="test_aggressive_higher_than_conservative" time="0.070" /><testcase classname="backend.tests.backend_test.TestHelocCalc" name="test_qualified_case" time="0.069" /><testcase classname="backend.tests.backend_test.TestHelocCalc" name="test_zero_home_value" time="0.068" /><testcase classname="backend.tests.backend_test.TestHelocCalc" name="test_underwater_mortgage_no_equity" time="0.068" /><testcase classname="backend.tests.backend_test.TestLeads" name="test_funding_lead_persists" time="0.072"><skipped type="pytest.skip" message="ADMIN_SECRET not set – /api/leads is gated, persistence verified via 200 response">/app/backend/tests/backend_test.py:160: ADMIN_SECRET not set – /api/leads is gated, persistence verified via 200 response</skipped></testcase><testcase classname="backend.tests.backend_test.TestLeads" name="test_contact_lead_valid_email" time="0.074" /><testcase classname="backend.tests.backend_test.TestLeads" name="test_contact_lead_invalid_email_rejected" time="0.068" /><testcase classname="backend.tests.backend_test.TestLeads" name="test_leads_list_no_objectid_leak" time="0.068"><skipped type="pytest.skip" message="ADMIN_SECRET not set – cannot verify _id exclusion in admin response">/app/backend/tests/backend_test.py:199: ADMIN_SECRET not set – cannot verify _id exclusion in admin response</skipped></testcase><testcase classname="backend.tests.test_assistant_and_assets.TestAssistantChat" name="test_new_session_returns_reply" time="5.935" /><testcase classname="backend.tests.test_assistant_and_assets.TestAssistantChat" name="test_empty_message_rejected" time="0.063" /><testcase classname="backend.tests.test_assistant_and_assets.TestAssistantChat" name="test_multi_turn_memory" time="7.087" /><testcase classname="backend.tests.test_assistant_and_assets.TestAssistantChat" name="test_history_persisted" time="7.912" /><testcase classname="backend.tests.test_assistant_and_assets.TestAssistantChat" name="test_history_empty_for_unknown_session" time="0.063" /><testcase classname="backend.tests.test_assistant_and_assets" name="test_pwa_asset_serves_200[/manifest.json-application/json]" time="0.151" /><testcase classname="backend.tests.test_assistant_and_assets" name="test_pwa_asset_serves_200[/service-worker.js-None]" time="0.120" /><testcase classname="backend.tests.test_assistant_and_assets" name="test_pwa_asset_serves_200[/favicon.ico-None]" time="0.165" /><testcase classname="backend.tests.test_assistant_and_assets" name="test_pwa_asset_serves_200[/og-image.jpg-image]" time="0.153" /><testcase classname="backend.tests.test_assistant_and_assets" name="test_pwa_asset_serves_200[/icon-192.png-image]" time="0.109" /><testcase classname="backend.tests.test_assistant_and_assets" name="test_pwa_asset_serves_200[/icon-512.png-image]" time="0.175" /><testcase classname="backend.tests.test_assistant_and_assets" name="test_pwa_asset_serves_200[/offline.html-text/html]" time="0.127" /><testcase classname="backend.tests.test_assistant_and_assets" name="test_manifest_is_valid_pwa" time="0.114" /><testcase classname="backend.tests.test_assistant_and_assets" name="test_index_html_meta_and_no_emergent_badge_text" time="0.140" /></testsuite></testsuites>