<?xml version="1.0" encoding="utf-8"?><testsuites name="pytest tests"><testsuite name="pytest" errors="0" failures="0" skipped="0" tests="11" time="1.113" timestamp="2026-05-07T21:19:45.004954+00:00" hostname="agent-env-407d74e1-d167-4f86-b388-ea4c6856f0a9"><testcase classname="backend.tests.backend_test" name="test_root_ok" time="0.275" /><testcase classname="backend.tests.backend_test.TestFundingEstimate" name="test_basic_estimate_rounded_to_250" time="0.063" /><testcase classname="backend.tests.backend_test.TestFundingEstimate" name="test_zero_revenue_returns_zero" time="0.063" /><testcase classname="backend.tests.backend_test.TestFundingEstimate" name="test_aggressive_higher_than_conservative" time="0.062" /><testcase classname="backend.tests.backend_test.TestHelocCalc" name="test_qualified_case" time="0.066" /><testcase classname="backend.tests.backend_test.TestHelocCalc" name="test_zero_home_value" time="0.063" /><testcase classname="backend.tests.backend_test.TestHelocCalc" name="test_underwater_mortgage_no_equity" time="0.059" /><testcase classname="backend.tests.backend_test.TestLeads" name="test_funding_lead_persists" time="0.151" /><testcase classname="backend.tests.backend_test.TestLeads" name="test_contact_lead_valid_email" time="0.063" /><testcase classname="backend.tests.backend_test.TestLeads" name="test_contact_lead_invalid_email_rejected" time="0.063" /><testcase classname="backend.tests.backend_test.TestLeads" name="test_leads_list_no_objectid_leak" time="0.062" /></testsuite></testsuites>